2024-04-29 16:07:46,546 ERROR [http-nio-63040-exec-10][GlobalExceptionHandler.java:41] - 系统异常Handler dispatch failed; nested exception is java.lang.NoSuchMethodError: com.xuecheng.content.mapper.TeachplanMapper.updatemoveup(Ljava/lang/Long;Ljava/lang/Integer;)Ljava/lang/Integer;
org.springframework.web.util.NestedServletException: Handler dispatch failed; nested exception is java.lang.NoSuchMethodError: com.xuecheng.content.mapper.TeachplanMapper.updatemoveup(Ljava/lang/Long;Ljava/lang/Integer;)Ljava/lang/Integer;
	at org.springframework.web.servlet.DispatcherServlet.doDispatch(DispatcherServlet.java:1055)
	at org.springframework.web.servlet.DispatcherServlet.doService(DispatcherServlet.java:943)
	at org.springframework.web.servlet.FrameworkServlet.processRequest(FrameworkServlet.java:1006)
	at org.springframework.web.servlet.FrameworkServlet.doPost(FrameworkServlet.java:909)
	at javax.servlet.http.HttpServlet.service(HttpServlet.java:652)
	at org.springframework.web.servlet.FrameworkServlet.service(FrameworkServlet.java:883)
	at javax.servlet.http.HttpServlet.service(HttpServlet.java:733)
	at org.apache.catalina.core.ApplicationFilterChain.internalDoFilter(ApplicationFilterChain.java:231)
	at org.apache.catalina.core.ApplicationFilterChain.doFilter(ApplicationFilterChain.java:166)
	at org.apache.tomcat.websocket.server.WsFilter.doFilter(WsFilter.java:53)
	at org.apache.catalina.core.ApplicationFilterChain.internalDoFilter(ApplicationFilterChain.java:193)
	at org.apache.catalina.core.ApplicationFilterChain.doFilter(ApplicationFilterChain.java:166)
	at org.springframework.web.filter.RequestContextFilter.doFilterInternal(RequestContextFilter.java:100)
	at org.springframework.web.filter.OncePerRequestFilter.doFilter(OncePerRequestFilter.java:119)
	at org.apache.catalina.core.ApplicationFilterChain.internalDoFilter(ApplicationFilterChain.java:193)
	at org.apache.catalina.core.ApplicationFilterChain.doFilter(ApplicationFilterChain.java:166)
	at org.springframework.web.filter.FormContentFilter.doFilterInternal(FormContentFilter.java:93)
	at org.springframework.web.filter.OncePerRequestFilter.doFilter(OncePerRequestFilter.java:119)
	at org.apache.catalina.core.ApplicationFilterChain.internalDoFilter(ApplicationFilterChain.java:193)
	at org.apache.catalina.core.ApplicationFilterChain.doFilter(ApplicationFilterChain.java:166)
	at org.springframework.web.filter.CharacterEncodingFilter.doFilterInternal(CharacterEncodingFilter.java:201)
	at org.springframework.web.filter.OncePerRequestFilter.doFilter(OncePerRequestFilter.java:119)
	at org.apache.catalina.core.ApplicationFilterChain.internalDoFilter(ApplicationFilterChain.java:193)
	at org.apache.catalina.core.ApplicationFilterChain.doFilter(ApplicationFilterChain.java:166)
	at org.apache.catalina.core.StandardWrapperValve.invoke(StandardWrapperValve.java:202)
	at org.apache.catalina.core.StandardContextValve.invoke(StandardContextValve.java:97)
	at org.apache.catalina.authenticator.AuthenticatorBase.invoke(AuthenticatorBase.java:542)
	at org.apache.catalina.core.StandardHostValve.invoke(StandardHostValve.java:143)
	at org.apache.catalina.valves.ErrorReportValve.invoke(ErrorReportValve.java:92)
	at org.apache.catalina.core.StandardEngineValve.invoke(StandardEngineValve.java:78)
	at org.apache.catalina.connector.CoyoteAdapter.service(CoyoteAdapter.java:343)
	at org.apache.coyote.http11.Http11Processor.service(Http11Processor.java:374)
	at org.apache.coyote.AbstractProcessorLight.process(AbstractProcessorLight.java:65)
	at org.apache.coyote.AbstractProtocol$ConnectionHandler.process(AbstractProtocol.java:888)
	at org.apache.tomcat.util.net.NioEndpoint$SocketProcessor.doRun(NioEndpoint.java:1597)
	at org.apache.tomcat.util.net.SocketProcessorBase.run(SocketProcessorBase.java:49)
	at java.util.concurrent.ThreadPoolExecutor.runWorker(ThreadPoolExecutor.java:1142)
	at java.util.concurrent.ThreadPoolExecutor$Worker.run(ThreadPoolExecutor.java:617)
	at org.apache.tomcat.util.threads.TaskThread$WrappingRunnable.run(TaskThread.java:61)
	at java.lang.Thread.run(Thread.java:745)
Caused by: java.lang.NoSuchMethodError: com.xuecheng.content.mapper.TeachplanMapper.updatemoveup(Ljava/lang/Long;Ljava/lang/Integer;)Ljava/lang/Integer;
	at com.xuecheng.content.service.impl.TeachplanServiceImpl.moveupTeachplan(TeachplanServiceImpl.java:94)
	at com.xuecheng.content.api.TeachplanController.moveupTeachplan(TeachplanController.java:41)
	at sun.reflect.NativeMethodAccessorImpl.invoke0(Native Method)
	at sun.reflect.NativeMethodAccessorImpl.invoke(NativeMethodAccessorImpl.java:62)
	at sun.reflect.DelegatingMethodAccessorImpl.invoke(DelegatingMethodAccessorImpl.java:43)
	at java.lang.reflect.Method.invoke(Method.java:498)
	at org.springframework.web.method.support.InvocableHandlerMethod.doInvoke(InvocableHandlerMethod.java:190)
	at org.springframework.web.method.support.InvocableHandlerMethod.invokeForRequest(InvocableHandlerMethod.java:138)
	at org.springframework.web.servlet.mvc.method.annotation.ServletInvocableHandlerMethod.invokeAndHandle(ServletInvocableHandlerMethod.java:105)
	at org.springframework.web.servlet.mvc.method.annotation.RequestMappingHandlerAdapter.invokeHandlerMethod(RequestMappingHandlerAdapter.java:878)
	at org.springframework.web.servlet.mvc.method.annotation.RequestMappingHandlerAdapter.handleInternal(RequestMappingHandlerAdapter.java:792)
	at org.springframework.web.servlet.mvc.method.AbstractHandlerMethodAdapter.handle(AbstractHandlerMethodAdapter.java:87)
	at org.springframework.web.servlet.DispatcherServlet.doDispatch(DispatcherServlet.java:1040)
	... 39 more
2024-04-29 16:09:03,847 ERROR [main][LoggingFailureAnalysisReporter.java:40] - 

***************************
APPLICATION FAILED TO START
***************************

Description:

Field Transactional in com.xuecheng.content.service.impl.TeachplanServiceImpl required a bean of type 'org.springframework.transaction.reactive.TransactionalOperator' that could not be found.

The injection point has the following annotations:
	- @org.springframework.beans.factory.annotation.Autowired(required=true)

The following candidates were found but could not be injected:
	- Bean method 'transactionalOperator' in 'TransactionAutoConfiguration' not loaded because @ConditionalOnSingleCandidate (types: org.springframework.transaction.ReactiveTransactionManager; SearchStrategy: all) did not find any beans


Action:

Consider revisiting the entries above or defining a bean of type 'org.springframework.transaction.reactive.TransactionalOperator' in your configuration.

2024-04-29 16:15:41,757 ERROR [main][LoggingFailureAnalysisReporter.java:40] - 

***************************
APPLICATION FAILED TO START
***************************

Description:

Field Transactional in com.xuecheng.content.service.impl.TeachplanServiceImpl required a bean of type 'org.springframework.transaction.reactive.TransactionalOperator' that could not be found.

The injection point has the following annotations:
	- @org.springframework.beans.factory.annotation.Autowired(required=true)

The following candidates were found but could not be injected:
	- Bean method 'transactionalOperator' in 'TransactionAutoConfiguration' not loaded because @ConditionalOnSingleCandidate (types: org.springframework.transaction.ReactiveTransactionManager; SearchStrategy: all) did not find any beans


Action:

Consider revisiting the entries above or defining a bean of type 'org.springframework.transaction.reactive.TransactionalOperator' in your configuration.

2024-04-29 16:17:16,626 ERROR [main][LoggingFailureAnalysisReporter.java:40] - 

***************************
APPLICATION FAILED TO START
***************************

Description:

Field Transactional in com.xuecheng.content.service.impl.TeachplanServiceImpl required a bean of type 'org.springframework.transaction.reactive.TransactionalOperator' that could not be found.

The injection point has the following annotations:
	- @org.springframework.beans.factory.annotation.Autowired(required=true)

The following candidates were found but could not be injected:
	- Bean method 'transactionalOperator' in 'TransactionAutoConfiguration' not loaded because @ConditionalOnSingleCandidate (types: org.springframework.transaction.ReactiveTransactionManager; SearchStrategy: all) did not find any beans


Action:

Consider revisiting the entries above or defining a bean of type 'org.springframework.transaction.reactive.TransactionalOperator' in your configuration.

2024-04-29 16:20:37,484 ERROR [main][LoggingFailureAnalysisReporter.java:40] - 

***************************
APPLICATION FAILED TO START
***************************

Description:

Field Transactional in com.xuecheng.content.service.impl.TeachplanServiceImpl required a bean of type 'org.springframework.transaction.reactive.TransactionalOperator' that could not be found.

The injection point has the following annotations:
	- @org.springframework.beans.factory.annotation.Autowired(required=true)

The following candidates were found but could not be injected:
	- Bean method 'transactionalOperator' in 'TransactionAutoConfiguration' not loaded because @ConditionalOnSingleCandidate (types: org.springframework.transaction.ReactiveTransactionManager; SearchStrategy: all) did not find any beans


Action:

Consider revisiting the entries above or defining a bean of type 'org.springframework.transaction.reactive.TransactionalOperator' in your configuration.

2024-04-29 16:21:09,266 ERROR [main][LoggingFailureAnalysisReporter.java:40] - 

***************************
APPLICATION FAILED TO START
***************************

Description:

Field Transactional in com.xuecheng.content.service.impl.TeachplanServiceImpl required a bean of type 'org.springframework.transaction.reactive.TransactionalOperator' that could not be found.

The injection point has the following annotations:
	- @org.springframework.beans.factory.annotation.Autowired(required=true)

The following candidates were found but could not be injected:
	- Bean method 'transactionalOperator' in 'TransactionAutoConfiguration' not loaded because @ConditionalOnSingleCandidate (types: org.springframework.transaction.ReactiveTransactionManager; SearchStrategy: all) did not find any beans


Action:

Consider revisiting the entries above or defining a bean of type 'org.springframework.transaction.reactive.TransactionalOperator' in your configuration.

2024-04-29 16:22:44,492 ERROR [main][LoggingFailureAnalysisReporter.java:40] - 

***************************
APPLICATION FAILED TO START
***************************

Description:

Field Transactional in com.xuecheng.content.service.impl.TeachplanServiceImpl required a bean of type 'org.springframework.transaction.reactive.TransactionalOperator' that could not be found.

The injection point has the following annotations:
	- @org.springframework.beans.factory.annotation.Autowired(required=true)

The following candidates were found but could not be injected:
	- Bean method 'transactionalOperator' in 'TransactionAutoConfiguration' not loaded because @ConditionalOnSingleCandidate (types: org.springframework.transaction.ReactiveTransactionManager; SearchStrategy: all) did not find any beans


Action:

Consider revisiting the entries above or defining a bean of type 'org.springframework.transaction.reactive.TransactionalOperator' in your configuration.

2024-04-29 16:39:24,185 ERROR [main][LoggingFailureAnalysisReporter.java:40] - 

***************************
APPLICATION FAILED TO START
***************************

Description:

Field Transactional in com.xuecheng.content.service.impl.TeachplanServiceImpl required a bean of type 'org.springframework.transaction.reactive.TransactionalOperator' that could not be found.

The injection point has the following annotations:
	- @org.springframework.beans.factory.annotation.Autowired(required=true)

The following candidates were found but could not be injected:
	- Bean method 'transactionalOperator' in 'TransactionAutoConfiguration' not loaded because @ConditionalOnSingleCandidate (types: org.springframework.transaction.ReactiveTransactionManager; SearchStrategy: all) did not find any beans


Action:

Consider revisiting the entries above or defining a bean of type 'org.springframework.transaction.reactive.TransactionalOperator' in your configuration.

2024-04-29 16:40:32,810 ERROR [main][LoggingFailureAnalysisReporter.java:40] - 

***************************
APPLICATION FAILED TO START
***************************

Description:

Field Transactional in com.xuecheng.content.service.impl.TeachplanServiceImpl required a bean of type 'org.springframework.transaction.reactive.TransactionalOperator' that could not be found.

The injection point has the following annotations:
	- @org.springframework.beans.factory.annotation.Autowired(required=true)

The following candidates were found but could not be injected:
	- Bean method 'transactionalOperator' in 'TransactionAutoConfiguration' not loaded because @ConditionalOnSingleCandidate (types: org.springframework.transaction.ReactiveTransactionManager; SearchStrategy: all) did not find any beans


Action:

Consider revisiting the entries above or defining a bean of type 'org.springframework.transaction.reactive.TransactionalOperator' in your configuration.

2024-04-29 16:41:43,560 ERROR [main][LoggingFailureAnalysisReporter.java:40] - 

***************************
APPLICATION FAILED TO START
***************************

Description:

Field Transactional in com.xuecheng.content.service.impl.TeachplanServiceImpl required a bean of type 'org.springframework.transaction.reactive.TransactionalOperator' that could not be found.

The injection point has the following annotations:
	- @org.springframework.beans.factory.annotation.Autowired(required=true)

The following candidates were found but could not be injected:
	- Bean method 'transactionalOperator' in 'TransactionAutoConfiguration' not loaded because @ConditionalOnSingleCandidate (types: org.springframework.transaction.ReactiveTransactionManager; SearchStrategy: all) did not find any beans


Action:

Consider revisiting the entries above or defining a bean of type 'org.springframework.transaction.reactive.TransactionalOperator' in your configuration.

