#
# A fatal error has been detected by the Java Runtime Environment:
#
#  EXCEPTION_ACCESS_VIOLATION (0xc0000005) at pc=0x00000000625ca0a5, pid=8492, tid=0x0000000000005a28
#
# JRE version: Java(TM) SE Runtime Environment (8.0_101-b13) (build 1.8.0_101-b13)
# Java VM: Java HotSpot(TM) 64-Bit Server VM (25.101-b13 mixed mode windows-amd64 compressed oops)
# Problematic frame:
# V  [jvm.dll+0x12a0a5]
#
# Failed to write core dump. Minidumps are not enabled by default on client versions of Windows
#
# If you would like to submit a bug report, please visit:
#   http://bugreport.java.com/bugreport/crash.jsp
#

---------------  T H R E A D  ---------------

Current thread (0x000000001eaaf800):  JavaThread "JDWP Transport Listener: dt_socket" daemon [_thread_in_vm, id=23080, stack(0x0000000020970000,0x0000000020a70000)]

siginfo: ExceptionCode=0xc0000005, reading address 0xffffffffffffffff

Registers:
RAX=0x0000000020a6f301, RBX=0x000000001eaaf800, RCX=0x6164626d614c2f65, RDX=0x0000000000000000
RSP=0x0000000020a6f360, RBP=0x6164626d614c2f65, RSI=0x0000000020a6f478, RDI=0x0000000002ae2ca0
R8 =0x000000001eaaf800, R9 =0x0000000000000001, R10=0x0000000000000003, R11=0x0000000020a6f2b0
R12=0x0000000000000000, R13=0x000000001cd5e778, R14=0x0000000000000000, R15=0x0000000000000000
RIP=0x00000000625ca0a5, EFLAGS=0x0000000000010206

Top of Stack: (sp=0x0000000020a6f360)
0x0000000020a6f360:   000000001eaaf800 000000001eaaf800
0x0000000020a6f370:   0000000020a6f428 00000000627d2f0b
0x0000000020a6f380:   000000001eaaf800 00000000627ef76d
0x0000000020a6f390:   000000000000005c 00000000623d9155
0x0000000020a6f3a0:   0000000021ef6e28 00000000623e291e
0x0000000020a6f3b0:   000000001eaaf800 0000000000000000
0x0000000020a6f3c0:   0000000000000000 0000000000000000
0x0000000020a6f3d0:   6164626d614c2f65 00000000623e1a15
0x0000000020a6f3e0:   0000000020a6f478 0000000020a6f450
0x0000000020a6f3f0:   0000000000000001 0000000021ef6e28
0x0000000020a6f400:   6164626d614c2f65 00000000623c53b3
0x0000000020a6f410:   0000000020a6f540 0000000000000001
0x0000000020a6f420:   0000000000000001 0000000021ef6e28
0x0000000020a6f430:   0000000000000001 0000000000000000
0x0000000020a6f440:   0000000000000000 0000000000000000
0x0000000020a6f450:   0000000000000001 00000000623c5571 

Instructions: (pc=0x00000000625ca0a5)
0x00000000625ca085:   cc cc cc cc cc cc cc cc cc cc cc 48 83 ec 28 48
0x00000000625ca095:   85 c9 75 07 33 c0 48 83 c4 28 c3 48 89 5c 24 20
0x00000000625ca0a5:   48 8b 19 48 85 db 74 20 48 83 fb 37 74 1a 48 8b
0x00000000625ca0b5:   13 48 8b cb ff 52 10 84 c0 74 0d 48 8b c3 48 8b 


Register to memory mapping:

RAX=0x0000000020a6f301 is pointing into the stack for thread: 0x000000001eaaf800
RBX=0x000000001eaaf800 is a thread
RCX=0x6164626d614c2f65 is an unknown value
RDX=0x0000000000000000 is an unknown value
RSP=0x0000000020a6f360 is pointing into the stack for thread: 0x000000001eaaf800
RBP=0x6164626d614c2f65 is an unknown value
RSI=0x0000000020a6f478 is pointing into the stack for thread: 0x000000001eaaf800
RDI=0x0000000002ae2ca0 is an unknown value
R8 =0x000000001eaaf800 is a thread
R9 =0x0000000000000001 is an unknown value
R10=0x0000000000000003 is an unknown value
R11=0x0000000020a6f2b0 is pointing into the stack for thread: 0x000000001eaaf800
R12=0x0000000000000000 is an unknown value
R13=0x000000001cd5e778 is an unknown value
R14=0x0000000000000000 is an unknown value
R15=0x0000000000000000 is an unknown value


Stack: [0x0000000020970000,0x0000000020a70000],  sp=0x0000000020a6f360,  free space=1020k
Native frames: (J=compiled Java code, j=interpreted, Vv=VM code, C=native code)
V  [jvm.dll+0x12a0a5]
V  [jvm.dll+0x34f76d]
C  [jdwp.dll+0x21a15]
C  [jdwp.dll+0x53b3]
C  [jdwp.dll+0x5571]
C  [jdwp.dll+0xf0a8]
C  [jdwp.dll+0x1f2d5]
C  [jdwp.dll+0x1f4aa]
V  [jvm.dll+0x1bd258]
V  [jvm.dll+0x2451a4]
V  [jvm.dll+0x29c18a]
C  [msvcr100.dll+0x21d9f]
C  [msvcr100.dll+0x21e3b]
C  [KERNEL32.DLL+0x1257d]
C  [ntdll.dll+0x5aa58]


---------------  P R O C E S S  ---------------

Java Threads: ( => current thread )
  0x0000000025a84000 JavaThread "HikariPool-1 housekeeper" daemon [_thread_blocked, id=7524, stack(0x00000000269e0000,0x0000000026ae0000)]
  0x0000000025a82800 JavaThread "DestroyJavaVM" [_thread_blocked, id=22200, stack(0x00000000029e0000,0x0000000002ae0000)]
  0x0000000025a81800 JavaThread "http-nio-63040-Acceptor" daemon [_thread_in_native, id=19552, stack(0x00000000278e0000,0x00000000279e0000)]
  0x0000000025a81000 JavaThread "http-nio-63040-ClientPoller" daemon [_thread_in_native, id=21640, stack(0x00000000277e0000,0x00000000278e0000)]
  0x0000000025a7c800 JavaThread "http-nio-63040-exec-10" daemon [_thread_blocked, id=13184, stack(0x00000000276e0000,0x00000000277e0000)]
  0x0000000025a80000 JavaThread "http-nio-63040-exec-9" daemon [_thread_blocked, id=5824, stack(0x00000000275e0000,0x00000000276e0000)]
  0x0000000025924000 JavaThread "http-nio-63040-exec-8" daemon [_thread_blocked, id=21608, stack(0x00000000274e0000,0x00000000275e0000)]
  0x0000000025923000 JavaThread "http-nio-63040-exec-7" daemon [_thread_blocked, id=15536, stack(0x00000000273e0000,0x00000000274e0000)]
  0x0000000025920000 JavaThread "http-nio-63040-exec-6" daemon [_thread_blocked, id=10472, stack(0x00000000272e0000,0x00000000273e0000)]
  0x000000002591f000 JavaThread "http-nio-63040-exec-5" daemon [_thread_blocked, id=13500, stack(0x00000000271e0000,0x00000000272e0000)]
  0x0000000025926000 JavaThread "http-nio-63040-exec-4" daemon [_thread_blocked, id=6160, stack(0x00000000270e0000,0x00000000271e0000)]
  0x0000000025922800 JavaThread "http-nio-63040-exec-3" daemon [_thread_blocked, id=19660, stack(0x0000000026fe0000,0x00000000270e0000)]
  0x0000000025920800 JavaThread "http-nio-63040-exec-2" daemon [_thread_blocked, id=19588, stack(0x0000000026ee0000,0x0000000026fe0000)]
  0x0000000025925800 JavaThread "http-nio-63040-exec-1" daemon [_thread_blocked, id=22464, stack(0x0000000026de0000,0x0000000026ee0000)]
  0x0000000025921800 JavaThread "http-nio-63040-BlockPoller" daemon [_thread_in_native, id=13608, stack(0x0000000026ce0000,0x0000000026de0000)]
  0x0000000023649800 JavaThread "mysql-cj-abandoned-connection-cleanup" daemon [_thread_blocked, id=22176, stack(0x0000000025410000,0x0000000025510000)]
  0x0000000023590800 JavaThread "container-0" [_thread_blocked, id=21192, stack(0x0000000025110000,0x0000000025210000)]
  0x000000002358f000 JavaThread "Catalina-utility-2" [_thread_blocked, id=13268, stack(0x0000000025010000,0x0000000025110000)]
  0x00000000235f5800 JavaThread "Catalina-utility-1" [_thread_blocked, id=8384, stack(0x0000000024f10000,0x0000000025010000)]
  0x0000000022f5c000 JavaThread "AsyncAppender-AsyncAppender" daemon [_thread_blocked, id=4320, stack(0x0000000024a10000,0x0000000024b10000)]
  0x0000000022f5b800 JavaThread "Log4j2-TF-6-Scheduled-2" daemon [_thread_blocked, id=15124, stack(0x0000000023f10000,0x0000000024010000)]
  0x0000000022bae000 JavaThread "RMI Scheduler(0)" daemon [_thread_blocked, id=17356, stack(0x0000000024510000,0x0000000024610000)]
  0x0000000021ee7800 JavaThread "RMI TCP Accept-0" daemon [_thread_in_native, id=21016, stack(0x0000000022290000,0x0000000022390000)]
  0x000000001ebbd800 JavaThread "Service Thread" daemon [_thread_blocked, id=22056, stack(0x0000000021970000,0x0000000021a70000)]
  0x000000001eb23000 JavaThread "C1 CompilerThread11" daemon [_thread_blocked, id=8128, stack(0x0000000021870000,0x0000000021970000)]
  0x000000001eb1e000 JavaThread "C1 CompilerThread10" daemon [_thread_blocked, id=22660, stack(0x0000000021770000,0x0000000021870000)]
  0x000000001eaee800 JavaThread "C1 CompilerThread9" daemon [_thread_blocked, id=8036, stack(0x0000000021570000,0x0000000021670000)]
  0x000000001eaeb800 JavaThread "C1 CompilerThread8" daemon [_thread_blocked, id=22560, stack(0x0000000021470000,0x0000000021570000)]
  0x000000001eae1000 JavaThread "C2 CompilerThread7" daemon [_thread_blocked, id=14444, stack(0x0000000021370000,0x0000000021470000)]
  0x000000001eae0000 JavaThread "C2 CompilerThread6" daemon [_thread_blocked, id=18972, stack(0x0000000021270000,0x0000000021370000)]
  0x000000001eadf800 JavaThread "C2 CompilerThread5" daemon [_thread_blocked, id=16612, stack(0x0000000021170000,0x0000000021270000)]
  0x000000001eadd800 JavaThread "C2 CompilerThread4" daemon [_thread_blocked, id=14504, stack(0x0000000021070000,0x0000000021170000)]
  0x000000001eadb000 JavaThread "C2 CompilerThread3" daemon [_thread_blocked, id=10072, stack(0x0000000020f70000,0x0000000021070000)]
  0x000000001eac9000 JavaThread "C2 CompilerThread2" daemon [_thread_blocked, id=14500, stack(0x0000000020e70000,0x0000000020f70000)]
  0x000000001eac8000 JavaThread "C2 CompilerThread1" daemon [_thread_blocked, id=14700, stack(0x0000000020d70000,0x0000000020e70000)]
  0x000000001eac1000 JavaThread "C2 CompilerThread0" daemon [_thread_blocked, id=19772, stack(0x0000000020c70000,0x0000000020d70000)]
  0x000000001eab6800 JavaThread "JDWP Command Reader" daemon [_thread_in_native, id=23044, stack(0x0000000020b70000,0x0000000020c70000)]
  0x000000001eab2800 JavaThread "JDWP Event Helper Thread" daemon [_thread_blocked, id=22332, stack(0x0000000020a70000,0x0000000020b70000)]
=>0x000000001eaaf800 JavaThread "JDWP Transport Listener: dt_socket" daemon [_thread_in_vm, id=23080, stack(0x0000000020970000,0x0000000020a70000)]
  0x000000001ea9c800 JavaThread "Attach Listener" daemon [_thread_blocked, id=3668, stack(0x0000000020870000,0x0000000020970000)]
  0x000000001ea46800 JavaThread "Signal Dispatcher" daemon [_thread_blocked, id=18720, stack(0x0000000020770000,0x0000000020870000)]
  0x000000001ea1f000 JavaThread "Finalizer" daemon [_thread_blocked, id=21688, stack(0x0000000020670000,0x0000000020770000)]
  0x000000001cd5c000 JavaThread "Reference Handler" daemon [_thread_blocked, id=3708, stack(0x0000000020570000,0x0000000020670000)]

Other Threads:
  0x000000001e9f5000 VMThread [stack: 0x0000000020470000,0x0000000020570000] [id=6992]
  0x0000000021ef9000 WatcherThread [stack: 0x0000000022390000,0x0000000022490000] [id=12644]

VM state:not at safepoint (normal execution)

VM Mutex/Monitor currently owned by a thread: None

Heap:
 PSYoungGen      total 175616K, used 49725K [0x000000076c200000, 0x000000077c800000, 0x00000007c0000000)
  eden space 160256K, 21% used [0x000000076c200000,0x000000076e3d9778,0x0000000775e80000)
  from space 15360K, 98% used [0x000000077b900000,0x000000077c7b5cc0,0x000000077c800000)
  to   space 17408K, 0% used [0x000000077a600000,0x000000077a600000,0x000000077b700000)
 ParOldGen       total 157696K, used 18554K [0x00000006c4600000, 0x00000006ce000000, 0x000000076c200000)
  object space 157696K, 11% used [0x00000006c4600000,0x00000006c581ea90,0x00000006ce000000)
 Metaspace       used 50258K, capacity 52996K, committed 53296K, reserved 1095680K
  class space    used 6652K, capacity 7149K, committed 7216K, reserved 1048576K

Card table byte_map: [0x0000000012190000,0x0000000012970000] byte_map_base: 0x000000000eb6d000

Marking Bits: (ParMarkBitMap*) 0x0000000062cba6d0
 Begin Bits: [0x0000000013db0000, 0x0000000017c98000)
 End Bits:   [0x0000000017c98000, 0x000000001bb80000)

Polling page: 0x0000000002390000

CodeCache: size=245760Kb used=13796Kb max_used=13797Kb free=231963Kb
 bounds [0x0000000002dd0000, 0x0000000003b50000, 0x0000000011dd0000]
 total_blobs=6822 nmethods=6266 adapters=472
 compilation: enabled

Compilation events (10 events):
Event: 3921.232 Thread 0x000000001eb1e000 6362       1       com.mysql.cj.protocol.a.NativeServerSession::getServerVariable (14 bytes)
Event: 3921.232 Thread 0x000000001eb1e000 nmethod 6362 0x00000000038ca6d0 code [0x00000000038ca840, 0x00000000038ca9c8]
Event: 3926.814 Thread 0x000000001eb23000 6363  s    1       java.util.Properties::setProperty (7 bytes)
Event: 3926.814 Thread 0x000000001eb23000 nmethod 6363 0x00000000038ca1d0 code [0x00000000038ca340, 0x00000000038ca608]
Event: 3926.816 Thread 0x000000001eaee800 6364       1       java.util.concurrent.ConcurrentHashMap::<init> (5 bytes)
Event: 3926.816 Thread 0x000000001eaee800 nmethod 6364 0x00000000038c9ed0 code [0x00000000038ca020, 0x00000000038ca130]
Event: 4045.340 Thread 0x000000001eaeb800 6365       1       java.util.concurrent.locks.AbstractQueuedSynchronizer::addWaiter (50 bytes)
Event: 4045.340 Thread 0x000000001eaee800 6366       1       java.util.concurrent.locks.AbstractQueuedSynchronizer$Node::<init> (15 bytes)
Event: 4045.340 Thread 0x000000001eaee800 nmethod 6366 0x0000000003971850 code [0x00000000039719a0, 0x0000000003971af0]
Event: 4045.341 Thread 0x000000001eaeb800 nmethod 6365 0x0000000003971350 code [0x00000000039714c0, 0x0000000003971768]

GC Heap History (10 events):
Event: 2.591 GC heap before
{Heap before GC invocations=6 (full 1):
 PSYoungGen      total 110080K, used 110030K [0x000000076c200000, 0x0000000775000000, 0x00000007c0000000)
  eden space 104448K, 100% used [0x000000076c200000,0x0000000772800000,0x0000000772800000)
  from space 5632K, 99% used [0x0000000774a80000,0x0000000774ff38c8,0x0000000775000000)
  to   space 10752K, 0% used [0x0000000773b00000,0x0000000773b00000,0x0000000774580000)
 ParOldGen       total 99840K, used 7903K [0x00000006c4600000, 0x00000006ca780000, 0x000000076c200000)
  object space 99840K, 7% used [0x00000006c4600000,0x00000006c4db7d10,0x00000006ca780000)
 Metaspace       used 27739K, capacity 28944K, committed 29232K, reserved 1075200K
  class space    used 3756K, capacity 4030K, committed 4144K, reserved 1048576K
Event: 2.597 GC heap after
Heap after GC invocations=6 (full 1):
 PSYoungGen      total 134656K, used 10738K [0x000000076c200000, 0x0000000777d00000, 0x00000007c0000000)
  eden space 123904K, 0% used [0x000000076c200000,0x000000076c200000,0x0000000773b00000)
  from space 10752K, 99% used [0x0000000773b00000,0x000000077457c888,0x0000000774580000)
  to   space 12288K, 0% used [0x0000000777100000,0x0000000777100000,0x0000000777d00000)
 ParOldGen       total 99840K, used 8444K [0x00000006c4600000, 0x00000006ca780000, 0x000000076c200000)
  object space 99840K, 8% used [0x00000006c4600000,0x00000006c4e3f380,0x00000006ca780000)
 Metaspace       used 27739K, capacity 28944K, committed 29232K, reserved 1075200K
  class space    used 3756K, capacity 4030K, committed 4144K, reserved 1048576K
}
Event: 3.312 GC heap before
{Heap before GC invocations=7 (full 1):
 PSYoungGen      total 134656K, used 130872K [0x000000076c200000, 0x0000000777d00000, 0x00000007c0000000)
  eden space 123904K, 96% used [0x000000076c200000,0x0000000773751a20,0x0000000773b00000)
  from space 10752K, 99% used [0x0000000773b00000,0x000000077457c888,0x0000000774580000)
  to   space 12288K, 0% used [0x0000000777100000,0x0000000777100000,0x0000000777d00000)
 ParOldGen       total 99840K, used 8444K [0x00000006c4600000, 0x00000006ca780000, 0x000000076c200000)
  object space 99840K, 8% used [0x00000006c4600000,0x00000006c4e3f380,0x00000006ca780000)
 Metaspace       used 33651K, capacity 35350K, committed 35496K, reserved 1079296K
  class space    used 4561K, capacity 4883K, committed 4912K, reserved 1048576K
Event: 3.318 GC heap after
Heap after GC invocations=7 (full 1):
 PSYoungGen      total 176640K, used 12258K [0x000000076c200000, 0x0000000779d00000, 0x00000007c0000000)
  eden space 164352K, 0% used [0x000000076c200000,0x000000076c200000,0x0000000776280000)
  from space 12288K, 99% used [0x0000000777100000,0x0000000777cf8bf8,0x0000000777d00000)
  to   space 14848K, 0% used [0x0000000776280000,0x0000000776280000,0x0000000777100000)
 ParOldGen       total 99840K, used 9924K [0x00000006c4600000, 0x00000006ca780000, 0x000000076c200000)
  object space 99840K, 9% used [0x00000006c4600000,0x00000006c4fb13d8,0x00000006ca780000)
 Metaspace       used 33651K, capacity 35350K, committed 35496K, reserved 1079296K
  class space    used 4561K, capacity 4883K, committed 4912K, reserved 1048576K
}
Event: 3.318 GC heap before
{Heap before GC invocations=8 (full 2):
 PSYoungGen      total 176640K, used 12258K [0x000000076c200000, 0x0000000779d00000, 0x00000007c0000000)
  eden space 164352K, 0% used [0x000000076c200000,0x000000076c200000,0x0000000776280000)
  from space 12288K, 99% used [0x0000000777100000,0x0000000777cf8bf8,0x0000000777d00000)
  to   space 14848K, 0% used [0x0000000776280000,0x0000000776280000,0x0000000777100000)
 ParOldGen       total 99840K, used 9924K [0x00000006c4600000, 0x00000006ca780000, 0x000000076c200000)
  object space 99840K, 9% used [0x00000006c4600000,0x00000006c4fb13d8,0x00000006ca780000)
 Metaspace       used 33651K, capacity 35350K, committed 35496K, reserved 1079296K
  class space    used 4561K, capacity 4883K, committed 4912K, reserved 1048576K
Event: 3.341 GC heap after
Heap after GC invocations=8 (full 2):
 PSYoungGen      total 176640K, used 0K [0x000000076c200000, 0x0000000779d00000, 0x00000007c0000000)
  eden space 164352K, 0% used [0x000000076c200000,0x000000076c200000,0x0000000776280000)
  from space 12288K, 0% used [0x0000000777100000,0x0000000777100000,0x0000000777d00000)
  to   space 14848K, 0% used [0x0000000776280000,0x0000000776280000,0x0000000777100000)
 ParOldGen       total 157696K, used 18538K [0x00000006c4600000, 0x00000006ce000000, 0x000000076c200000)
  object space 157696K, 11% used [0x00000006c4600000,0x00000006c581aa90,0x00000006ce000000)
 Metaspace       used 33651K, capacity 35350K, committed 35496K, reserved 1079296K
  class space    used 4561K, capacity 4883K, committed 4912K, reserved 1048576K
}
Event: 5.213 GC heap before
{Heap before GC invocations=9 (full 2):
 PSYoungGen      total 176640K, used 164352K [0x000000076c200000, 0x0000000779d00000, 0x00000007c0000000)
  eden space 164352K, 100% used [0x000000076c200000,0x0000000776280000,0x0000000776280000)
  from space 12288K, 0% used [0x0000000777100000,0x0000000777100000,0x0000000777d00000)
  to   space 14848K, 0% used [0x0000000776280000,0x0000000776280000,0x0000000777100000)
 ParOldGen       total 157696K, used 18538K [0x00000006c4600000, 0x00000006ce000000, 0x000000076c200000)
  object space 157696K, 11% used [0x00000006c4600000,0x00000006c581aa90,0x00000006ce000000)
 Metaspace       used 40532K, capacity 42846K, committed 43184K, reserved 1087488K
  class space    used 5524K, capacity 5947K, committed 6064K, reserved 1048576K
Event: 5.218 GC heap after
Heap after GC invocations=9 (full 2):
 PSYoungGen      total 179200K, used 11099K [0x000000076c200000, 0x000000077c800000, 0x00000007c0000000)
  eden space 164352K, 0% used [0x000000076c200000,0x000000076c200000,0x0000000776280000)
  from space 14848K, 74% used [0x0000000776280000,0x0000000776d56f48,0x0000000777100000)
  to   space 15360K, 0% used [0x000000077b900000,0x000000077b900000,0x000000077c800000)
 ParOldGen       total 157696K, used 18546K [0x00000006c4600000, 0x00000006ce000000, 0x000000076c200000)
  object space 157696K, 11% used [0x00000006c4600000,0x00000006c581ca90,0x00000006ce000000)
 Metaspace       used 40532K, capacity 42846K, committed 43184K, reserved 1087488K
  class space    used 5524K, capacity 5947K, committed 6064K, reserved 1048576K
}
Event: 345.806 GC heap before
{Heap before GC invocations=10 (full 2):
 PSYoungGen      total 179200K, used 175451K [0x000000076c200000, 0x000000077c800000, 0x00000007c0000000)
  eden space 164352K, 100% used [0x000000076c200000,0x0000000776280000,0x0000000776280000)
  from space 14848K, 74% used [0x0000000776280000,0x0000000776d56f48,0x0000000777100000)
  to   space 15360K, 0% used [0x000000077b900000,0x000000077b900000,0x000000077c800000)
 ParOldGen       total 157696K, used 18546K [0x00000006c4600000, 0x00000006ce000000, 0x000000076c200000)
  object space 157696K, 11% used [0x00000006c4600000,0x00000006c581ca90,0x00000006ce000000)
 Metaspace       used 48128K, capacity 50670K, committed 50992K, reserved 1093632K
  class space    used 6422K, capacity 6890K, committed 6960K, reserved 1048576K
Event: 345.815 GC heap after
Heap after GC invocations=10 (full 2):
 PSYoungGen      total 175616K, used 15063K [0x000000076c200000, 0x000000077c800000, 0x00000007c0000000)
  eden space 160256K, 0% used [0x000000076c200000,0x000000076c200000,0x0000000775e80000)
  from space 15360K, 98% used [0x000000077b900000,0x000000077c7b5cc0,0x000000077c800000)
  to   space 17408K, 0% used [0x000000077a600000,0x000000077a600000,0x000000077b700000)
 ParOldGen       total 157696K, used 18554K [0x00000006c4600000, 0x00000006ce000000, 0x000000076c200000)
  object space 157696K, 11% used [0x00000006c4600000,0x00000006c581ea90,0x00000006ce000000)
 Metaspace       used 48128K, capacity 50670K, committed 50992K, reserved 1093632K
  class space    used 6422K, capacity 6890K, committed 6960K, reserved 1048576K
}

Deoptimization events (0 events):
No events

Internal exceptions (10 events):
Event: 345.932 Thread 0x0000000025925800 Exception <a 'java/lang/NoSuchMethodError': java.lang.Object.lambda$thenComparing$36697e65$1(Ljava/util/Comparator;Ljava/lang/Object;Ljava/lang/Object;)I> (0x000000076d113658) thrown at [C:\re\workspace\8-2-build-windows-amd64-cygwin\jdk8u101\7261\hotspot\+ßŽËóžu@
Event: 345.935 Thread 0x0000000025925800 Exception <a 'java/lang/ArrayIndexOutOfBoundsException'> (0x000000076d14e280) thrown at [C:\re\workspace\8-2-build-windows-amd64-cygwin\jdk8u101\7261\hotspot\src\share\vm\runtime\sharedRuntime.cpp, line 605]
Event: 345.936 Thread 0x0000000025925800 Exception <a 'java/lang/ArrayIndexOutOfBoundsException'> (0x000000076d190948) thrown at [C:\re\workspace\8-2-build-windows-amd64-cygwin\jdk8u101\7261\hotspot\src\share\vm\runtime\sharedRuntime.cpp, line 605]
Event: 345.940 Thread 0x0000000025925800 Exception <a 'java/lang/ArrayIndexOutOfBoundsException'> (0x000000076d26b0a8) thrown at [C:\re\workspace\8-2-build-windows-amd64-cygwin\jdk8u101\7261\hotspot\src\share\vm\runtime\sharedRuntime.cpp, line 605]
Event: 345.940 Thread 0x0000000025925800 Exception <a 'java/lang/ArrayIndexOutOfBoundsException'> (0x000000076d26ca58) thrown at [C:\re\workspace\8-2-build-windows-amd64-cygwin\jdk8u101\7261\hotspot\src\share\vm\runtime\sharedRuntime.cpp, line 605]
Event: 3016.727 Thread 0x0000000022f5c000 Exception <a 'sun/nio/fs/WindowsException'> (0x000000076db90a88) thrown at [C:\re\workspace\8-2-build-windows-amd64-cygwin\jdk8u101\7261\hotspot\src\share\vm\prims\jni.cpp, line 709]
Event: 3016.729 Thread 0x0000000022f5c000 Exception <a 'sun/nio/fs/WindowsException'> (0x000000076db93818) thrown at [C:\re\workspace\8-2-build-windows-amd64-cygwin\jdk8u101\7261\hotspot\src\share\vm\prims\jni.cpp, line 709]
Event: 3016.731 Thread 0x0000000022f5c000 Exception <a 'sun/nio/fs/WindowsException'> (0x000000076db940f8) thrown at [C:\re\workspace\8-2-build-windows-amd64-cygwin\jdk8u101\7261\hotspot\src\share\vm\prims\jni.cpp, line 709]
Event: 3035.549 Thread 0x0000000025922800 Exception <a 'java/lang/ArrayIndexOutOfBoundsException'> (0x000000076dce11a8) thrown at [C:\re\workspace\8-2-build-windows-amd64-cygwin\jdk8u101\7261\hotspot\src\share\vm\runtime\sharedRuntime.cpp, line 605]
Event: 3035.558 Thread 0x0000000025922800 Exception <a 'java/lang/ArrayIndexOutOfBoundsException'> (0x000000076dcf5c00) thrown at [C:\re\workspace\8-2-build-windows-amd64-cygwin\jdk8u101\7261\hotspot\src\share\vm\runtime\sharedRuntime.cpp, line 605]

Events (10 events):
Event: 3931.827 Thread 0x0000000025a7e800 Thread exited: 0x0000000025a7e800
Event: 3931.827 Executing VM operation: RevokeBias
Event: 3931.827 Executing VM operation: RevokeBias done
Event: 3931.827 Thread 0x0000000025a7e000 Thread exited: 0x0000000025a7e000
Event: 4086.300 Executing VM operation: ChangeBreakpoints
Event: 4086.300 Executing VM operation: ChangeBreakpoints done
Event: 4086.309 Executing VM operation: RedefineClasses
Event: 4086.377 Executing VM operation: RedefineClasses done
Event: 4086.381 Executing VM operation: ChangeBreakpoints
Event: 4086.383 Executing VM operation: ChangeBreakpoints done


Dynamic libraries:
0x00007ff7c8a80000 - 0x00007ff7c8ab7000 	C:\Program Files\Java\jdk1.8.0_101\bin\java.exe
0x00007ff8e12b0000 - 0x00007ff8e14c7000 	C:\Windows\SYSTEM32\ntdll.dll
0x00007ff8e0b70000 - 0x00007ff8e0c34000 	C:\Windows\System32\KERNEL32.DLL
0x00007ff8de920000 - 0x00007ff8decc6000 	C:\Windows\System32\KERNELBASE.dll
0x00007ff8df1a0000 - 0x00007ff8df253000 	C:\Windows\System32\ADVAPI32.dll
0x00007ff8df000000 - 0x00007ff8df0a7000 	C:\Windows\System32\msvcrt.dll
0x00007ff8df420000 - 0x00007ff8df4c8000 	C:\Windows\System32\sechost.dll
0x00007ff8de880000 - 0x00007ff8de8a8000 	C:\Windows\System32\bcrypt.dll
0x00007ff8e0c40000 - 0x00007ff8e0d57000 	C:\Windows\System32\RPCRT4.dll
0x00007ff8e0e90000 - 0x00007ff8e103e000 	C:\Windows\System32\USER32.dll
0x00007ff8deeb0000 - 0x00007ff8deed6000 	C:\Windows\System32\win32u.dll
0x00007ff8e0980000 - 0x00007ff8e09a9000 	C:\Windows\System32\GDI32.dll
0x00007ff8ded90000 - 0x00007ff8deea8000 	C:\Windows\System32\gdi32full.dll
0x00007ff8de5f0000 - 0x00007ff8de68a000 	C:\Windows\System32\msvcp_win.dll
0x00007ff8deee0000 - 0x00007ff8deff1000 	C:\Windows\System32\ucrtbase.dll
0x00007ff8c9ed0000 - 0x00007ff8ca163000 	C:\Windows\WinSxS\amd64_microsoft.windows.common-controls_6595b64144ccf1df_6.0.22621.2506_none_270c5ae97388e100\COMCTL32.dll
0x00007ff8e0260000 - 0x00007ff8e0291000 	C:\Windows\System32\IMM32.DLL
0x0000000062d40000 - 0x0000000062e12000 	C:\Program Files\Java\jdk1.8.0_101\jre\bin\msvcr100.dll
0x00000000624a0000 - 0x0000000062d3a000 	C:\Program Files\Java\jdk1.8.0_101\jre\bin\server\jvm.dll
0x00007ff8e1110000 - 0x00007ff8e1118000 	C:\Windows\System32\PSAPI.DLL
0x00007ff8d1aa0000 - 0x00007ff8d1aa9000 	C:\Windows\SYSTEM32\WSOCK32.dll
0x00007ff8e0d80000 - 0x00007ff8e0df1000 	C:\Windows\System32\WS2_32.dll
0x00007ff8d08c0000 - 0x00007ff8d08ca000 	C:\Windows\SYSTEM32\VERSION.dll
0x00007ff8d3990000 - 0x00007ff8d39c4000 	C:\Windows\SYSTEM32\WINMM.dll
0x0000000062490000 - 0x000000006249f000 	C:\Program Files\Java\jdk1.8.0_101\jre\bin\verify.dll
0x0000000062460000 - 0x0000000062489000 	C:\Program Files\Java\jdk1.8.0_101\jre\bin\java.dll
0x00000000623c0000 - 0x00000000623f5000 	C:\Program Files\Java\jdk1.8.0_101\jre\bin\jdwp.dll
0x00000000623b0000 - 0x00000000623b8000 	C:\Program Files\Java\jdk1.8.0_101\jre\bin\npt.dll
0x0000000062380000 - 0x00000000623a3000 	C:\Program Files\Java\jdk1.8.0_101\jre\bin\instrument.dll
0x0000000062440000 - 0x0000000062456000 	C:\Program Files\Java\jdk1.8.0_101\jre\bin\zip.dll
0x00007ff8dfa00000 - 0x00007ff8e025b000 	C:\Windows\System32\SHELL32.dll
0x00007ff8dc510000 - 0x00007ff8dce06000 	C:\Windows\SYSTEM32\windows.storage.dll
0x00007ff8df4d0000 - 0x00007ff8df859000 	C:\Windows\System32\combase.dll
0x00007ff8dc3d0000 - 0x00007ff8dc50e000 	C:\Windows\SYSTEM32\wintypes.dll
0x00007ff8e02a0000 - 0x00007ff8e0393000 	C:\Windows\System32\SHCORE.dll
0x00007ff8e0e20000 - 0x00007ff8e0e7e000 	C:\Windows\System32\shlwapi.dll
0x00007ff8de520000 - 0x00007ff8de546000 	C:\Windows\SYSTEM32\profapi.dll
0x0000000062370000 - 0x0000000062379000 	C:\Program Files\Java\jdk1.8.0_101\jre\bin\dt_socket.dll
0x00007ff8ddb50000 - 0x00007ff8ddbb9000 	C:\Windows\system32\mswsock.dll
0x0000000062420000 - 0x000000006243a000 	C:\Program Files\Java\jdk1.8.0_101\jre\bin\net.dll
0x00007ff8dd150000 - 0x00007ff8dd249000 	C:\Windows\SYSTEM32\DNSAPI.dll
0x00007ff8dd0e0000 - 0x00007ff8dd10d000 	C:\Windows\SYSTEM32\IPHLPAPI.DLL
0x00007ff8df190000 - 0x00007ff8df199000 	C:\Windows\System32\NSI.dll
0x00007ff8d3610000 - 0x00007ff8d361a000 	C:\Windows\System32\rasadhlp.dll
0x00007ff8d3380000 - 0x00007ff8d3403000 	C:\Windows\System32\fwpuclnt.dll
0x0000000062360000 - 0x000000006236d000 	C:\Program Files\Java\jdk1.8.0_101\jre\bin\management.dll
0x0000000062400000 - 0x0000000062411000 	C:\Program Files\Java\jdk1.8.0_101\jre\bin\nio.dll
0x00007ff8dddf0000 - 0x00007ff8dde0b000 	C:\Windows\SYSTEM32\CRYPTSP.dll
0x00007ff8dd640000 - 0x00007ff8dd675000 	C:\Windows\system32\rsaenh.dll
0x00007ff8ddbf0000 - 0x00007ff8ddc1c000 	C:\Windows\SYSTEM32\USERENV.dll
0x00007ff8de690000 - 0x00007ff8de70a000 	C:\Windows\System32\bcryptprimitives.dll
0x00007ff8ddd60000 - 0x00007ff8ddd6c000 	C:\Windows\SYSTEM32\CRYPTBASE.dll
0x00007ff8d4dd0000 - 0x00007ff8d4de9000 	C:\Windows\SYSTEM32\dhcpcsvc6.DLL
0x00007ff8d4760000 - 0x00007ff8d477f000 	C:\Windows\SYSTEM32\dhcpcsvc.DLL
0x00007ff8a82f0000 - 0x00007ff8a8307000 	C:\Windows\system32\napinsp.dll
0x00007ff8a8020000 - 0x00007ff8a803b000 	C:\Windows\system32\pnrpnsp.dll
0x00007ff8a7fe0000 - 0x00007ff8a7ff1000 	C:\Windows\System32\winrnr.dll
0x00007ff8d3f90000 - 0x00007ff8d3fa5000 	C:\Windows\system32\wshbth.dll
0x00007ff8a7fb0000 - 0x00007ff8a7fd1000 	C:\Windows\system32\nlansp_c.dll
0x00007ff8dd700000 - 0x00007ff8dd734000 	C:\Windows\SYSTEM32\ntmarta.dll
0x00007ff8dbc90000 - 0x00007ff8dbec3000 	C:\Windows\SYSTEM32\dbghelp.dll
0x00007ff8df0b0000 - 0x00007ff8df187000 	C:\Windows\System32\OLEAUT32.dll

VM Arguments:
jvm_args: -agentlib:jdwp=transport=dt_socket,address=127.0.0.1:19995,suspend=y,server=n -XX:TieredStopAtLevel=1 -Xverify:none -Dspring.output.ansi.enabled=always -Dcom.sun.management.jmxremote -Dspring.jmx.enabled=true -Dspring.liveBeansView.mbeanDomain -Dspring.application.admin.enabled=true -Dmanagement.endpoints.jmx.exposure.include=* -javaagent:C:\Users\13103\AppData\Local\JetBrains\IntelliJIdea2022.3\captureAgent\debugger-agent.jar -Dfile.encoding=UTF-8 
java_command: com.xuecheng.ContentApplication
java_class_path (initial): C:\Program Files\Java\jdk1.8.0_101\jre\lib\charsets.jar;C:\Program Files\Java\jdk1.8.0_101\jre\lib\deploy.jar;C:\Program Files\Java\jdk1.8.0_101\jre\lib\ext\access-bridge-64.jar;C:\Program Files\Java\jdk1.8.0_101\jre\lib\ext\cldrdata.jar;C:\Program Files\Java\jdk1.8.0_101\jre\lib\ext\dnsns.jar;C:\Program Files\Java\jdk1.8.0_101\jre\lib\ext\jaccess.jar;C:\Program Files\Java\jdk1.8.0_101\jre\lib\ext\jfxrt.jar;C:\Program Files\Java\jdk1.8.0_101\jre\lib\ext\localedata.jar;C:\Program Files\Java\jdk1.8.0_101\jre\lib\ext\nashorn.jar;C:\Program Files\Java\jdk1.8.0_101\jre\lib\ext\sunec.jar;C:\Program Files\Java\jdk1.8.0_101\jre\lib\ext\sunjce_provider.jar;C:\Program Files\Java\jdk1.8.0_101\jre\lib\ext\sunmscapi.jar;C:\Program Files\Java\jdk1.8.0_101\jre\lib\ext\sunpkcs11.jar;C:\Program Files\Java\jdk1.8.0_101\jre\lib\ext\zipfs.jar;C:\Program Files\Java\jdk1.8.0_101\jre\lib\javaws.jar;C:\Program Files\Java\jdk1.8.0_101\jre\lib\jce.jar;C:\Program Files\Java\jdk1.8.0_101\jre\lib\jfr.jar;C:\Program Files\Java\jdk1.8.0_101\jre\lib\jfxswt.jar;C:\Program Files\Java\jdk1.8.0_101\jre\lib\jsse.jar;C:\Program Files\Java\jdk1.8.0_101\jre\lib\management-agent.jar;C:\Program Files\Java\jdk1.8.0_101\jre\lib\plugin.jar;C:\Program Files\Java\jdk1.8.0_101\jre\lib\resources.jar;C:\Program Files\Java\jdk1.8.0_101\jre\lib\rt.jar;E:\JAVAStudy\xuecheng-plus-project\xuecheng-plus-content\xuecheng-plus-content-api\target\classes;E:\JAVAStudy\xuecheng-plus-project\xuecheng-plus-content\xuecheng-plus-content-service\target\classes;E:\JAVAStudy\xuecheng-plus-project\xuecheng-plus-content\xuecheng-plus-content-model\target\classes;E:\JAVAStudy\xuecheng-plus-project\xuecheng-plus-base\target\classes;E:\JAVAStudy\tools\maven\repository\org\apache\commons\commons-lang3\3.10\commons-lang3-3.10.jar;E:\JAVAStudy\tools\maven\repository\com\alibaba\fastjson\1.2.83\fastjson-1.2.83.jar;E:\JAVAStudy\tools\maven\repository\commons-lang\commons-lang\2.6\commons-lang-2.6.jar;E:\JAVAStudy
Launcher Type: SUN_STANDARD

Environment Variables:
PATH=E:\JAVAStudy\tools\VMware\VMware Workstation\bin\;C:\Program Files\Common Files\Oracle\Java\javapath;C:\ProgramData\Oracle\Java\javapath;C:\Windows\system32;C:\Windows;C:\Windows\System32\Wbem;C:\Windows\System32\WindowsPowerShell\v1.0\;C:\Windows\System32\OpenSSH\;D:\app\Bandizip\;E:\app\Bandizip\;E:\JAVAStudy\tools\Git\cmd;C:\Program Files (x86)\NVIDIA Corporation\PhysX\Common;E:\JAVAStudy\tools\TortoiseGit\bin;C:\Program Files\NVIDIA Corporation\NVIDIA NvDLISR;C:\Program Files\MySQL\MySQL Server 8.0\bin;E:\JAVAStudy\tools\node-v16.16.0-win-x64;C:\Program Files\dotnet\;E:\JAVAStudy\tools\gradle-8.2\bin;C:\Users\13103\AppData\Local\Microsoft\WindowsApps;;E:\JAVAStudy\tools\jetbra\IntelliJ IDEA 2022.3.3\bin;;E:\JAVAStudy\tools\Microsoft VS Code\bin;C:\Users\13103\AppData\Roaming\npm;C:\Users\13103\.dotnet\tools;C:\Users\13103\AppData\Local\Programs\Microsoft VS Code\bin
USERNAME=leyouju
OS=Windows_NT
PROCESSOR_IDENTIFIER=Intel64 Family 6 Model 191 Stepping 2, GenuineIntel



---------------  S Y S T E M  ---------------

OS: Windows 10.0 , 64 bit Build 22621 (10.0.22621.3085)

CPU:total 20 (10 cores per cpu, 2 threads per core) family 6 model 191 stepping 2, cmov, cx8, fxsr, mmx, sse, sse2, sse3, ssse3, sse4.1, sse4.2, popcnt, avx, avx2, aes, clmul, erms, 3dnowpref, lzcnt, ht, tsc, tscinvbit, bmi1, bmi2, adx

Memory: 4k page, physical 16490360k(6108696k free), swap 29611628k(4035332k free)

vm_info: Java HotSpot(TM) 64-Bit Server VM (25.101-b13) for windows-amd64 JRE (1.8.0_101-b13), built on Jun 22 2016 01:21:29 by "java_re" with MS VC++ 10.0 (VS2010)

time: Mon Apr 22 11:17:50 2024
elapsed time: 4086 seconds (0d 1h 8m 6s)

