2024-04-28 15:04:35,147 INFO [http-nio-63110-exec-1][DirectJDKLog.java:173] - Initializing Spring DispatcherServlet 'dispatcherServlet'
2024-04-28 15:04:35,147 INFO [http-nio-63110-exec-1][DirectJDKLog.java:173] - Initializing Spring DispatcherServlet 'dispatcherServlet'
2024-04-28 15:04:35,161 INFO [http-nio-63110-exec-1][FrameworkServlet.java:525] - Initializing Servlet 'dispatcherServlet'
2024-04-28 15:04:35,161 INFO [http-nio-63110-exec-1][FrameworkServlet.java:525] - Initializing Servlet 'dispatcherServlet'
2024-04-28 15:04:35,168 INFO [http-nio-63110-exec-1][FrameworkServlet.java:547] - Completed initialization in 6 ms
2024-04-28 15:04:35,168 INFO [http-nio-63110-exec-1][FrameworkServlet.java:547] - Completed initialization in 6 ms
2024-04-28 15:04:35,281 DEBUG [http-nio-63110-exec-1][HikariConfig.java:1066] - HikariPool-1 - configuration:
2024-04-28 15:04:35,281 DEBUG [http-nio-63110-exec-1][HikariConfig.java:1066] - HikariPool-1 - configuration:
2024-04-28 15:04:35,283 DEBUG [http-nio-63110-exec-1][HikariConfig.java:1098] - allowPoolSuspension.............false
2024-04-28 15:04:35,283 DEBUG [http-nio-63110-exec-1][HikariConfig.java:1098] - allowPoolSuspension.............false
2024-04-28 15:04:35,283 DEBUG [http-nio-63110-exec-1][HikariConfig.java:1098] - autoCommit......................true
2024-04-28 15:04:35,283 DEBUG [http-nio-63110-exec-1][HikariConfig.java:1098] - autoCommit......................true
2024-04-28 15:04:35,284 DEBUG [http-nio-63110-exec-1][HikariConfig.java:1098] - catalog.........................none
2024-04-28 15:04:35,284 DEBUG [http-nio-63110-exec-1][HikariConfig.java:1098] - catalog.........................none
2024-04-28 15:04:35,284 DEBUG [http-nio-63110-exec-1][HikariConfig.java:1098] - connectionInitSql...............none
2024-04-28 15:04:35,284 DEBUG [http-nio-63110-exec-1][HikariConfig.java:1098] - connectionInitSql...............none
2024-04-28 15:04:35,284 DEBUG [http-nio-63110-exec-1][HikariConfig.java:1098] - connectionTestQuery.............none
2024-04-28 15:04:35,284 DEBUG [http-nio-63110-exec-1][HikariConfig.java:1098] - connectionTestQuery.............none
2024-04-28 15:04:35,284 DEBUG [http-nio-63110-exec-1][HikariConfig.java:1098] - connectionTimeout...............30000
2024-04-28 15:04:35,284 DEBUG [http-nio-63110-exec-1][HikariConfig.java:1098] - connectionTimeout...............30000
2024-04-28 15:04:35,284 DEBUG [http-nio-63110-exec-1][HikariConfig.java:1098] - dataSource......................none
2024-04-28 15:04:35,284 DEBUG [http-nio-63110-exec-1][HikariConfig.java:1098] - dataSource......................none
2024-04-28 15:04:35,284 DEBUG [http-nio-63110-exec-1][HikariConfig.java:1098] - dataSourceClassName.............none
2024-04-28 15:04:35,284 DEBUG [http-nio-63110-exec-1][HikariConfig.java:1098] - dataSourceClassName.............none
2024-04-28 15:04:35,285 DEBUG [http-nio-63110-exec-1][HikariConfig.java:1098] - dataSourceJNDI..................none
2024-04-28 15:04:35,285 DEBUG [http-nio-63110-exec-1][HikariConfig.java:1098] - dataSourceJNDI..................none
2024-04-28 15:04:35,286 DEBUG [http-nio-63110-exec-1][HikariConfig.java:1098] - dataSourceProperties............{password=<masked>}
2024-04-28 15:04:35,286 DEBUG [http-nio-63110-exec-1][HikariConfig.java:1098] - dataSourceProperties............{password=<masked>}
2024-04-28 15:04:35,286 DEBUG [http-nio-63110-exec-1][HikariConfig.java:1098] - driverClassName................."com.mysql.cj.jdbc.Driver"
2024-04-28 15:04:35,286 DEBUG [http-nio-63110-exec-1][HikariConfig.java:1098] - driverClassName................."com.mysql.cj.jdbc.Driver"
2024-04-28 15:04:35,286 DEBUG [http-nio-63110-exec-1][HikariConfig.java:1098] - exceptionOverrideClassName......none
2024-04-28 15:04:35,286 DEBUG [http-nio-63110-exec-1][HikariConfig.java:1098] - exceptionOverrideClassName......none
2024-04-28 15:04:35,286 DEBUG [http-nio-63110-exec-1][HikariConfig.java:1098] - healthCheckProperties...........{}
2024-04-28 15:04:35,286 DEBUG [http-nio-63110-exec-1][HikariConfig.java:1098] - healthCheckProperties...........{}
2024-04-28 15:04:35,288 DEBUG [http-nio-63110-exec-1][HikariConfig.java:1098] - healthCheckRegistry.............none
2024-04-28 15:04:35,288 DEBUG [http-nio-63110-exec-1][HikariConfig.java:1098] - healthCheckRegistry.............none
2024-04-28 15:04:35,288 DEBUG [http-nio-63110-exec-1][HikariConfig.java:1098] - idleTimeout.....................600000
2024-04-28 15:04:35,288 DEBUG [http-nio-63110-exec-1][HikariConfig.java:1098] - idleTimeout.....................600000
2024-04-28 15:04:35,289 DEBUG [http-nio-63110-exec-1][HikariConfig.java:1098] - initializationFailTimeout.......1
2024-04-28 15:04:35,289 DEBUG [http-nio-63110-exec-1][HikariConfig.java:1098] - initializationFailTimeout.......1
2024-04-28 15:04:35,289 DEBUG [http-nio-63110-exec-1][HikariConfig.java:1098] - isolateInternalQueries..........false
2024-04-28 15:04:35,289 DEBUG [http-nio-63110-exec-1][HikariConfig.java:1098] - isolateInternalQueries..........false
2024-04-28 15:04:35,289 DEBUG [http-nio-63110-exec-1][HikariConfig.java:1098] - jdbcUrl.........................jdbc:mysql://localhost:3306/xc2.0_system?serverTimezone=UTC&userUnicode=true&useSSL=false&
2024-04-28 15:04:35,289 DEBUG [http-nio-63110-exec-1][HikariConfig.java:1098] - jdbcUrl.........................jdbc:mysql://localhost:3306/xc2.0_system?serverTimezone=UTC&userUnicode=true&useSSL=false&
2024-04-28 15:04:35,289 DEBUG [http-nio-63110-exec-1][HikariConfig.java:1098] - leakDetectionThreshold..........0
2024-04-28 15:04:35,289 DEBUG [http-nio-63110-exec-1][HikariConfig.java:1098] - leakDetectionThreshold..........0
2024-04-28 15:04:35,290 DEBUG [http-nio-63110-exec-1][HikariConfig.java:1098] - maxLifetime.....................1800000
2024-04-28 15:04:35,290 DEBUG [http-nio-63110-exec-1][HikariConfig.java:1098] - maxLifetime.....................1800000
2024-04-28 15:04:35,290 DEBUG [http-nio-63110-exec-1][HikariConfig.java:1098] - maximumPoolSize.................10
2024-04-28 15:04:35,290 DEBUG [http-nio-63110-exec-1][HikariConfig.java:1098] - maximumPoolSize.................10
2024-04-28 15:04:35,290 DEBUG [http-nio-63110-exec-1][HikariConfig.java:1098] - metricRegistry..................none
2024-04-28 15:04:35,290 DEBUG [http-nio-63110-exec-1][HikariConfig.java:1098] - metricRegistry..................none
2024-04-28 15:04:35,290 DEBUG [http-nio-63110-exec-1][HikariConfig.java:1098] - metricsTrackerFactory...........none
2024-04-28 15:04:35,290 DEBUG [http-nio-63110-exec-1][HikariConfig.java:1098] - metricsTrackerFactory...........none
2024-04-28 15:04:35,290 DEBUG [http-nio-63110-exec-1][HikariConfig.java:1098] - minimumIdle.....................10
2024-04-28 15:04:35,290 DEBUG [http-nio-63110-exec-1][HikariConfig.java:1098] - minimumIdle.....................10
2024-04-28 15:04:35,290 DEBUG [http-nio-63110-exec-1][HikariConfig.java:1098] - password........................<masked>
2024-04-28 15:04:35,290 DEBUG [http-nio-63110-exec-1][HikariConfig.java:1098] - password........................<masked>
2024-04-28 15:04:35,290 DEBUG [http-nio-63110-exec-1][HikariConfig.java:1098] - poolName........................"HikariPool-1"
2024-04-28 15:04:35,290 DEBUG [http-nio-63110-exec-1][HikariConfig.java:1098] - poolName........................"HikariPool-1"
2024-04-28 15:04:35,290 DEBUG [http-nio-63110-exec-1][HikariConfig.java:1098] - readOnly........................false
2024-04-28 15:04:35,290 DEBUG [http-nio-63110-exec-1][HikariConfig.java:1098] - readOnly........................false
2024-04-28 15:04:35,291 DEBUG [http-nio-63110-exec-1][HikariConfig.java:1098] - registerMbeans..................false
2024-04-28 15:04:35,291 DEBUG [http-nio-63110-exec-1][HikariConfig.java:1098] - registerMbeans..................false
2024-04-28 15:04:35,291 DEBUG [http-nio-63110-exec-1][HikariConfig.java:1098] - scheduledExecutor...............none
2024-04-28 15:04:35,291 DEBUG [http-nio-63110-exec-1][HikariConfig.java:1098] - scheduledExecutor...............none
2024-04-28 15:04:35,291 DEBUG [http-nio-63110-exec-1][HikariConfig.java:1098] - schema..........................none
2024-04-28 15:04:35,291 DEBUG [http-nio-63110-exec-1][HikariConfig.java:1098] - schema..........................none
2024-04-28 15:04:35,291 DEBUG [http-nio-63110-exec-1][HikariConfig.java:1098] - threadFactory...................internal
2024-04-28 15:04:35,291 DEBUG [http-nio-63110-exec-1][HikariConfig.java:1098] - threadFactory...................internal
2024-04-28 15:04:35,291 DEBUG [http-nio-63110-exec-1][HikariConfig.java:1098] - transactionIsolation............default
2024-04-28 15:04:35,291 DEBUG [http-nio-63110-exec-1][HikariConfig.java:1098] - transactionIsolation............default
2024-04-28 15:04:35,292 DEBUG [http-nio-63110-exec-1][HikariConfig.java:1098] - username........................"root"
2024-04-28 15:04:35,292 DEBUG [http-nio-63110-exec-1][HikariConfig.java:1098] - username........................"root"
2024-04-28 15:04:35,292 DEBUG [http-nio-63110-exec-1][HikariConfig.java:1098] - validationTimeout...............5000
2024-04-28 15:04:35,292 DEBUG [http-nio-63110-exec-1][HikariConfig.java:1098] - validationTimeout...............5000
2024-04-28 15:04:35,292 INFO [http-nio-63110-exec-1][HikariDataSource.java:110] - HikariPool-1 - Starting...
2024-04-28 15:04:35,292 INFO [http-nio-63110-exec-1][HikariDataSource.java:110] - HikariPool-1 - Starting...
2024-04-28 15:04:35,437 DEBUG [http-nio-63110-exec-1][HikariPool.java:564] - HikariPool-1 - Added connection com.mysql.cj.jdbc.ConnectionImpl@2d0d97da
2024-04-28 15:04:35,437 DEBUG [http-nio-63110-exec-1][HikariPool.java:564] - HikariPool-1 - Added connection com.mysql.cj.jdbc.ConnectionImpl@2d0d97da
2024-04-28 15:04:35,439 INFO [http-nio-63110-exec-1][HikariDataSource.java:123] - HikariPool-1 - Start completed.
2024-04-28 15:04:35,439 INFO [http-nio-63110-exec-1][HikariDataSource.java:123] - HikariPool-1 - Start completed.
2024-04-28 15:04:35,445 DEBUG [http-nio-63110-exec-1][BaseJdbcLogger.java:137] - ==>  Preparing: SELECT id,name,code,item_values FROM dictionary
2024-04-28 15:04:35,445 DEBUG [http-nio-63110-exec-1][BaseJdbcLogger.java:137] - ==>  Preparing: SELECT id,name,code,item_values FROM dictionary
2024-04-28 15:04:35,465 DEBUG [http-nio-63110-exec-1][BaseJdbcLogger.java:137] - ==> Parameters: 
2024-04-28 15:04:35,465 DEBUG [http-nio-63110-exec-1][BaseJdbcLogger.java:137] - ==> Parameters: 
2024-04-28 15:04:35,484 DEBUG [http-nio-63110-exec-1][BaseJdbcLogger.java:137] - <==      Total: 17
2024-04-28 15:04:35,484 DEBUG [http-nio-63110-exec-1][BaseJdbcLogger.java:137] - <==      Total: 17
2024-04-28 15:04:35,542 DEBUG [HikariPool-1 housekeeper][HikariPool.java:421] - HikariPool-1 - Pool stats (total=1, active=0, idle=1, waiting=0)
2024-04-28 15:04:35,542 DEBUG [HikariPool-1 housekeeper][HikariPool.java:421] - HikariPool-1 - Pool stats (total=1, active=0, idle=1, waiting=0)
2024-04-28 15:04:35,546 DEBUG [HikariPool-1 connection adder][HikariPool.java:728] - HikariPool-1 - Added connection com.mysql.cj.jdbc.ConnectionImpl@1f2d56fe
2024-04-28 15:04:35,546 DEBUG [HikariPool-1 connection adder][HikariPool.java:728] - HikariPool-1 - Added connection com.mysql.cj.jdbc.ConnectionImpl@1f2d56fe
2024-04-28 15:04:35,549 DEBUG [HikariPool-1 connection adder][HikariPool.java:728] - HikariPool-1 - Added connection com.mysql.cj.jdbc.ConnectionImpl@6b3fc189
2024-04-28 15:04:35,549 DEBUG [HikariPool-1 connection adder][HikariPool.java:728] - HikariPool-1 - Added connection com.mysql.cj.jdbc.ConnectionImpl@6b3fc189
2024-04-28 15:04:35,553 DEBUG [HikariPool-1 connection adder][HikariPool.java:728] - HikariPool-1 - Added connection com.mysql.cj.jdbc.ConnectionImpl@93e52e5
2024-04-28 15:04:35,553 DEBUG [HikariPool-1 connection adder][HikariPool.java:728] - HikariPool-1 - Added connection com.mysql.cj.jdbc.ConnectionImpl@93e52e5
2024-04-28 15:04:35,556 DEBUG [HikariPool-1 connection adder][HikariPool.java:728] - HikariPool-1 - Added connection com.mysql.cj.jdbc.ConnectionImpl@3e4efa89
2024-04-28 15:04:35,556 DEBUG [HikariPool-1 connection adder][HikariPool.java:728] - HikariPool-1 - Added connection com.mysql.cj.jdbc.ConnectionImpl@3e4efa89
2024-04-28 15:04:35,559 DEBUG [HikariPool-1 connection adder][HikariPool.java:728] - HikariPool-1 - Added connection com.mysql.cj.jdbc.ConnectionImpl@389ee475
2024-04-28 15:04:35,559 DEBUG [HikariPool-1 connection adder][HikariPool.java:728] - HikariPool-1 - Added connection com.mysql.cj.jdbc.ConnectionImpl@389ee475
2024-04-28 15:04:35,562 DEBUG [HikariPool-1 connection adder][HikariPool.java:728] - HikariPool-1 - Added connection com.mysql.cj.jdbc.ConnectionImpl@434e19bb
2024-04-28 15:04:35,562 DEBUG [HikariPool-1 connection adder][HikariPool.java:728] - HikariPool-1 - Added connection com.mysql.cj.jdbc.ConnectionImpl@434e19bb
2024-04-28 15:04:35,565 DEBUG [HikariPool-1 connection adder][HikariPool.java:728] - HikariPool-1 - Added connection com.mysql.cj.jdbc.ConnectionImpl@1d6c947
2024-04-28 15:04:35,565 DEBUG [HikariPool-1 connection adder][HikariPool.java:728] - HikariPool-1 - Added connection com.mysql.cj.jdbc.ConnectionImpl@1d6c947
2024-04-28 15:04:35,568 DEBUG [HikariPool-1 connection adder][HikariPool.java:728] - HikariPool-1 - Added connection com.mysql.cj.jdbc.ConnectionImpl@5b4cefa
2024-04-28 15:04:35,568 DEBUG [HikariPool-1 connection adder][HikariPool.java:728] - HikariPool-1 - Added connection com.mysql.cj.jdbc.ConnectionImpl@5b4cefa
2024-04-28 15:04:35,571 DEBUG [HikariPool-1 connection adder][HikariPool.java:728] - HikariPool-1 - Added connection com.mysql.cj.jdbc.ConnectionImpl@27d7b173
2024-04-28 15:04:35,571 DEBUG [HikariPool-1 connection adder][HikariPool.java:728] - HikariPool-1 - Added connection com.mysql.cj.jdbc.ConnectionImpl@27d7b173
2024-04-28 15:04:35,572 DEBUG [HikariPool-1 connection adder][HikariPool.java:421] - HikariPool-1 - After adding stats (total=10, active=0, idle=10, waiting=0)
2024-04-28 15:04:35,572 DEBUG [HikariPool-1 connection adder][HikariPool.java:421] - HikariPool-1 - After adding stats (total=10, active=0, idle=10, waiting=0)
